<?xml version="1.0" encoding="UTF-8"?>
<!-- Generated by org.testng.reporters.JUnitXMLReporter -->
<testsuite hostname="DESKTOP-3HB8IKU" ignored="0" name="Default test" tests="3" failures="0" timestamp="24 Aug 2019 11:12:56 GMT" time="89.328" errors="0">
  <testcase name="LoginToNaukri" time="25.018" classname="DataDriven_Framework.DataDriven1"/>
  <testcase name="LoginToNaukri" time="39.196" classname="DataDriven_Framework.DataDriven1"/>
  <testcase name="LoginToNaukri" time="22.883" classname="DataDriven_Framework.DataDriven1"/>
</testsuite> <!-- Default test -->
